0 info it worked if it ends with ok
1 verbose cli [ 'C:\\Program Files\\nodejs\\\\node.exe',
1 verbose cli   'C:\\Program Files\\nodejs\\node_modules\\npm\\bin\\npm-cli.js',
1 verbose cli   'start' ]
2 info using npm@1.2.18
3 info using node@v0.10.4
4 verbose node symlink C:\Program Files\nodejs\\node.exe
5 verbose read json C:\Git\ExpressSamples\MyCompany\package.json
6 verbose run-script [ 'prestart', 'start', 'poststart' ]
7 info prestart MyCompany@0.0.1
8 info start MyCompany@0.0.1
9 verbose unsafe-perm in lifecycle true
10 silly exec cmd "/c" "node app.js"
11 silly cmd,/c,node app.js,C:\Git\ExpressSamples\MyCompany spawning
12 info MyCompany@0.0.1 Failed to exec start script
13 error MyCompany@0.0.1 start: `node app.js`
13 error `cmd "/c" "node app.js"` failed with 8
14 error Failed at the MyCompany@0.0.1 start script.
14 error This is most likely a problem with the MyCompany package,
14 error not with npm itself.
14 error Tell the author that this fails on your system:
14 error     node app.js
14 error You can get their info via:
14 error     npm owner ls MyCompany
14 error There is likely additional logging output above.
15 error System Windows_NT 6.0.6002
16 error command "C:\\Program Files\\nodejs\\\\node.exe" "C:\\Program Files\\nodejs\\node_modules\\npm\\bin\\npm-cli.js" "start"
17 error cwd C:\Git\ExpressSamples\MyCompany
18 error node -v v0.10.4
19 error npm -v 1.2.18
20 error code ELIFECYCLE
21 verbose exit [ 1, true ]
