0 info it worked if it ends with ok
1 verbose cli [ 'E:\\Program Files\\nodejs\\\\node.exe',
1 verbose cli   'E:\\Program Files\\nodejs\\node_modules\\npm\\bin\\npm-cli.js',
1 verbose cli   'start' ]
2 info using npm@1.3.24
3 info using node@v0.10.25
4 verbose node symlink E:\Program Files\nodejs\\node.exe
5 verbose run-script [ 'prestart', 'start', 'poststart' ]
6 info prestart DynSite4@0.0.1
7 info start DynSite4@0.0.1
8 verbose unsafe-perm in lifecycle true
9 info DynSite4@0.0.1 Failed to exec start script
10 error DynSite4@0.0.1 start: `node ./bin/www`
10 error Exit status 8
11 error Failed at the DynSite4@0.0.1 start script.
11 error This is most likely a problem with the DynSite4 package,
11 error not with npm itself.
11 error Tell the author that this fails on your system:
11 error     node ./bin/www
11 error You can get their info via:
11 error     npm owner ls DynSite4
11 error There is likely additional logging output above.
12 error System Windows_NT 6.2.9200
13 error command "E:\\Program Files\\nodejs\\\\node.exe" "E:\\Program Files\\nodejs\\node_modules\\npm\\bin\\npm-cli.js" "start"
14 error cwd E:\Git\ExpressSamples\DynSite4
15 error node -v v0.10.25
16 error npm -v 1.3.24
17 error code ELIFECYCLE
18 verbose exit [ 1, true ]
